This is pdfTeX, Version 3.141592653-2.6-1.40.25 (TeX Live 2023/Debian) (preloaded format=pdflatex 2024.9.25)  12 DEC 2024 22:57
entering extended mode
 restricted \write18 enabled.
 %&-line parsing enabled.
**04-analysis.tex
(./04-analysis.tex
LaTeX2e <2023-11-01> patch level 1
L3 programming layer <2024-01-22>
! Undefined control sequence.
l.1 \chapter
            {–ê–Ω–∞–ª–∏—Ç–∏—á–µ—Å–∫–∞—è —á–∞—Å—Ç—å}
The control sequence at the end of the top line
of your error message was never \def'ed. If you have
misspelled it (e.g., `\hobx'), type `I' and the correct
spelling (e.g., `I\hbox'). Otherwise just continue,
and I'll forget about whatever was undefined.


! LaTeX Error: Unicode character –ê (U+0410)
               not set up for use with LaTeX.

See the LaTeX manual or LaTeX Companion for explanation.
Type  H <return>  for immediate help.
 ...                                              
                                                  
l.1 \chapter{–ê
               –Ω–∞–ª–∏—Ç–∏—á–µ—Å–∫–∞—è —á–∞—Å—Ç—å}
You may provide a definition with
\DeclareUnicodeCharacter 


! LaTeX Error: Unicode character –Ω (U+043D)
               not set up for use with LaTeX.

See the LaTeX manual or LaTeX Companion for explanation.
Type  H <return>  for immediate help.
 ...                                              
                                                  
l.1 \chapter{–ê–Ω
                 –∞–ª–∏—Ç–∏—á–µ—Å–∫–∞—è —á–∞—Å—Ç—å}
You may provide a definition with
\DeclareUnicodeCharacter 


! LaTeX Error: Unicode character –∞ (U+0430)
               not set up for use with LaTeX.

See the LaTeX manual or LaTeX Companion for explanation.
Type  H <return>  for immediate help.
 ...                                              
                                                  
l.1 \chapter{–ê–Ω–∞
                   –ª–∏—Ç–∏—á–µ—Å–∫–∞—è —á–∞—Å—Ç—å}
You may provide a definition with
\DeclareUnicodeCharacter 


! LaTeX Error: Unicode character –ª (U+043B)
               not set up for use with LaTeX.

See the LaTeX manual or LaTeX Companion for explanation.
Type  H <return>  for immediate help.
 ...                                              
                                                  
l.1 \chapter{–ê–Ω–∞–ª
                     –∏—Ç–∏—á–µ—Å–∫–∞—è —á–∞—Å—Ç—å}
You may provide a definition with
\DeclareUnicodeCharacter 


! LaTeX Error: Unicode character –∏ (U+0438)
               not set up for use with LaTeX.

See the LaTeX manual or LaTeX Companion for explanation.
Type  H <return>  for immediate help.
 ...                                              
                                                  
l.1 \chapter{–ê–Ω–∞–ª–∏
                       —Ç–∏—á–µ—Å–∫–∞—è —á–∞—Å—Ç—å}
You may provide a definition with
\DeclareUnicodeCharacter 


! LaTeX Error: Unicode character —Ç (U+0442)
               not set up for use with LaTeX.

See the LaTeX manual or LaTeX Companion for explanation.
Type  H <return>  for immediate help.
 ...                                              
                                                  
l.1 \chapter{–ê–Ω–∞–ª–∏—Ç
                         –∏—á–µ—Å–∫–∞—è —á–∞—Å—Ç—å}
You may provide a definition with
\DeclareUnicodeCharacter 


! LaTeX Error: Unicode character –∏ (U+0438)
               not set up for use with LaTeX.

See the LaTeX manual or LaTeX Companion for explanation.
Type  H <return>  for immediate help.
 ...                                              
                                                  
l.1 \chapter{–ê–Ω–∞–ª–∏—Ç–∏
                           —á–µ—Å–∫–∞—è —á–∞—Å—Ç—å}
You may provide a definition with
\DeclareUnicodeCharacter 


! LaTeX Error: Unicode character —á (U+0447)
               not set up for use with LaTeX.

See the LaTeX manual or LaTeX Companion for explanation.
Type  H <return>  for immediate help.
 ...                                              
                                                  
l.1 \chapter{–ê–Ω–∞–ª–∏—Ç–∏—á
                             –µ—Å–∫–∞—è —á–∞—Å—Ç—å}
You may provide a definition with
\DeclareUnicodeCharacter 


! LaTeX Error: Unicode character –µ (U+0435)
               not set up for use with LaTeX.

See the LaTeX manual or LaTeX Companion for explanation.
Type  H <return>  for immediate help.
 ...                                              
                                                  
l.1 \chapter{–ê–Ω–∞–ª–∏—Ç–∏—á–µ
                               —Å–∫–∞—è —á–∞—Å—Ç—å}
You may provide a definition with
\DeclareUnicodeCharacter 


! LaTeX Error: Unicode character —Å (U+0441)
               not set up for use with LaTeX.

See the LaTeX manual or LaTeX Companion for explanation.
Type  H <return>  for immediate help.
 ...                                              
                                                  
l.1 \chapter{–ê–Ω–∞–ª–∏—Ç–∏—á–µ—Å
                                 –∫–∞—è —á–∞—Å—Ç—å}
You may provide a definition with
\DeclareUnicodeCharacter 


! LaTeX Error: Unicode character –∫ (U+043A)
               not set up for use with LaTeX.

See the LaTeX manual or LaTeX Companion for explanation.
Type  H <return>  for immediate help.
 ...                                              
                                                  
l.1 \chapter{–ê–Ω–∞–ª–∏—Ç–∏—á–µ—Å–∫
                                   –∞—è —á–∞—Å—Ç—å}
You may provide a definition with
\DeclareUnicodeCharacter 


! LaTeX Error: Unicode character –∞ (U+0430)
               not set up for use with LaTeX.

See the LaTeX manual or LaTeX Companion for explanation.
Type  H <return>  for immediate help.
 ...                                              
                                                  
l.1 \chapter{–ê–Ω–∞–ª–∏—Ç–∏—á–µ—Å–∫–∞
                                     —è —á–∞—Å—Ç—å}
You may provide a definition with
\DeclareUnicodeCharacter 


! LaTeX Error: Unicode character —è (U+044F)
               not set up for use with LaTeX.

See the LaTeX manual or LaTeX Companion for explanation.
Type  H <return>  for immediate help.
 ...                                              
                                                  
l.1 \chapter{–ê–Ω–∞–ª–∏—Ç–∏—á–µ—Å–∫–∞—è
                                        —á–∞—Å—Ç—å}
You may provide a definition with
\DeclareUnicodeCharacter 


! LaTeX Error: Unicode character —á (U+0447)
               not set up for use with LaTeX.

See the LaTeX manual or LaTeX Companion for explanation.
Type  H <return>  for immediate help.
 ...                                              
                                                  
l.1 \chapter{–ê–Ω–∞–ª–∏—Ç–∏—á–µ—Å–∫–∞—è —á
                                          –∞—Å—Ç—å}
You may provide a definition with
\DeclareUnicodeCharacter 


! LaTeX Error: Unicode character –∞ (U+0430)
               not set up for use with LaTeX.

See the LaTeX manual or LaTeX Companion for explanation.
Type  H <return>  for immediate help.
 ...                                              
                                                  
l.1 \chapter{–ê–Ω–∞–ª–∏—Ç–∏—á–µ—Å–∫–∞—è —á–∞
                                            —Å—Ç—å}
You may provide a definition with
\DeclareUnicodeCharacter 


! LaTeX Error: Unicode character —Å (U+0441)
               not set up for use with LaTeX.

See the LaTeX manual or LaTeX Companion for explanation.
Type  H <return>  for immediate help.
 ...                                              
                                                  
l.1 \chapter{–ê–Ω–∞–ª–∏—Ç–∏—á–µ—Å–∫–∞—è —á–∞—Å
                                              —Ç—å}
You may provide a definition with
\DeclareUnicodeCharacter 


! LaTeX Error: Unicode character —Ç (U+0442)
               not set up for use with LaTeX.

See the LaTeX manual or LaTeX Companion for explanation.
Type  H <return>  for immediate help.
 ...                                              
                                                  
l.1 \chapter{–ê–Ω–∞–ª–∏—Ç–∏—á–µ—Å–∫–∞—è —á–∞—Å—Ç
                                                —å}
You may provide a definition with
\DeclareUnicodeCharacter 


! LaTeX Error: Unicode character —å (U+044C)
               not set up for use with LaTeX.

See the LaTeX manual or LaTeX Companion for explanation.
Type  H <return>  for immediate help.
 ...                                              
                                                  
l.1 \chapter{–ê–Ω–∞–ª–∏—Ç–∏—á–µ—Å–∫–∞—è —á–∞—Å—Ç—å
                                                  }
You may provide a definition with
\DeclareUnicodeCharacter 


! LaTeX Error: Unicode character –í (U+0412)
               not set up for use with LaTeX.

See the LaTeX manual or LaTeX Companion for explanation.
Type  H <return>  for immediate help.
 ...                                              
                                                  
l.3 	–í
        –¥–∞–Ω–Ω–æ–º —Ä–∞–∑–¥–µ–ª–µ —Ä–∞—Å—Å–º–æ—Ç—Ä–µ–Ω—ã —Ñ–∏–∑–∏—á–µ—Å–∫–...

You may provide a definition with
\DeclareUnicodeCharacter 


! LaTeX Error: Unicode character –¥ (U+0434)
               not set up for use with LaTeX.

See the LaTeX manual or LaTeX Companion for explanation.
Type  H <return>  for immediate help.
 ...                                              
                                                  
l.3 	–í –¥
          –∞–Ω–Ω–æ–º —Ä–∞–∑–¥–µ–ª–µ —Ä–∞—Å—Å–º–æ—Ç—Ä–µ–Ω—ã —Ñ–∏–∑–∏—á–µ—Å–∫–...

You may provide a definition with
\DeclareUnicodeCharacter 


! LaTeX Error: Unicode character –∞ (U+0430)
               not set up for use with LaTeX.

See the LaTeX manual or LaTeX Companion for explanation.
Type  H <return>  for immediate help.
 ...                                              
                                                  
l.3 	–í –¥–∞
            –Ω–Ω–æ–º —Ä–∞–∑–¥–µ–ª–µ —Ä–∞—Å—Å–º–æ—Ç—Ä–µ–Ω—ã —Ñ–∏–∑–∏—á–µ—Å–∫–...

You may provide a definition with
\DeclareUnicodeCharacter 


! LaTeX Error: Unicode character –Ω (U+043D)
               not set up for use with LaTeX.

See the LaTeX manual or LaTeX Companion for explanation.
Type  H <return>  for immediate help.
 ...                                              
                                                  
l.3 	–í –¥–∞–Ω
              –Ω–æ–º —Ä–∞–∑–¥–µ–ª–µ —Ä–∞—Å—Å–º–æ—Ç—Ä–µ–Ω—ã —Ñ–∏–∑–∏—á–µ—Å–∫–...

You may provide a definition with
\DeclareUnicodeCharacter 


! LaTeX Error: Unicode character –Ω (U+043D)
               not set up for use with LaTeX.

See the LaTeX manual or LaTeX Companion for explanation.
Type  H <return>  for immediate help.
 ...                                              
                                                  
l.3 	–í –¥–∞–Ω–Ω
                –æ–º —Ä–∞–∑–¥–µ–ª–µ —Ä–∞—Å—Å–º–æ—Ç—Ä–µ–Ω—ã —Ñ–∏–∑–∏—á–µ—Å–∫–...

You may provide a definition with
\DeclareUnicodeCharacter 


! LaTeX Error: Unicode character –æ (U+043E)
               not set up for use with LaTeX.

See the LaTeX manual or LaTeX Companion for explanation.
Type  H <return>  for immediate help.
 ...                                              
                                                  
l.3 	–í –¥–∞–Ω–Ω–æ
                  –º —Ä–∞–∑–¥–µ–ª–µ —Ä–∞—Å—Å–º–æ—Ç—Ä–µ–Ω—ã —Ñ–∏–∑–∏—á–µ—Å–∫–...

You may provide a definition with
\DeclareUnicodeCharacter 


! LaTeX Error: Unicode character –º (U+043C)
               not set up for use with LaTeX.

See the LaTeX manual or LaTeX Companion for explanation.
Type  H <return>  for immediate help.
 ...                                              
                                                  
l.3 	–í –¥–∞–Ω–Ω–æ–º
                     —Ä–∞–∑–¥–µ–ª–µ —Ä–∞—Å—Å–º–æ—Ç—Ä–µ–Ω—ã —Ñ–∏–∑–∏—á–µ—Å–∫–...

You may provide a definition with
\DeclareUnicodeCharacter 


! LaTeX Error: Unicode character —Ä (U+0440)
               not set up for use with LaTeX.

See the LaTeX manual or LaTeX Companion for explanation.
Type  H <return>  for immediate help.
 ...                                              
                                                  
l.3 	–í –¥–∞–Ω–Ω–æ–º —Ä
                       –∞–∑–¥–µ–ª–µ —Ä–∞—Å—Å–º–æ—Ç—Ä–µ–Ω—ã —Ñ–∏–∑–∏—á–µ—Å–∫–...

You may provide a definition with
\DeclareUnicodeCharacter 


! LaTeX Error: Unicode character –∞ (U+0430)
               not set up for use with LaTeX.

See the LaTeX manual or LaTeX Companion for explanation.
Type  H <return>  for immediate help.
 ...                                              
                                                  
l.3 	–í –¥–∞–Ω–Ω–æ–º —Ä–∞
                         –∑–¥–µ–ª–µ —Ä–∞—Å—Å–º–æ—Ç—Ä–µ–Ω—ã —Ñ–∏–∑–∏—á–µ—Å–∫–...

You may provide a definition with
\DeclareUnicodeCharacter 


! LaTeX Error: Unicode character –∑ (U+0437)
               not set up for use with LaTeX.

See the LaTeX manual or LaTeX Companion for explanation.
Type  H <return>  for immediate help.
 ...                                              
                                                  
l.3 	–í –¥–∞–Ω–Ω–æ–º —Ä–∞–∑
                           –¥–µ–ª–µ —Ä–∞—Å—Å–º–æ—Ç—Ä–µ–Ω—ã —Ñ–∏–∑–∏—á–µ—Å–∫–...

You may provide a definition with
\DeclareUnicodeCharacter 


! LaTeX Error: Unicode character –¥ (U+0434)
               not set up for use with LaTeX.

See the LaTeX manual or LaTeX Companion for explanation.
Type  H <return>  for immediate help.
 ...                                              
                                                  
l.3 	–í –¥–∞–Ω–Ω–æ–º —Ä–∞–∑–¥
                             –µ–ª–µ —Ä–∞—Å—Å–º–æ—Ç—Ä–µ–Ω—ã —Ñ–∏–∑–∏—á–µ—Å–∫–...

You may provide a definition with
\DeclareUnicodeCharacter 


! LaTeX Error: Unicode character –µ (U+0435)
               not set up for use with LaTeX.

See the LaTeX manual or LaTeX Companion for explanation.
Type  H <return>  for immediate help.
 ...                                              
                                                  
l.3 	–í –¥–∞–Ω–Ω–æ–º —Ä–∞–∑–¥–µ
                               –ª–µ —Ä–∞—Å—Å–º–æ—Ç—Ä–µ–Ω—ã —Ñ–∏–∑–∏—á–µ—Å–∫–...

You may provide a definition with
\DeclareUnicodeCharacter 


! LaTeX Error: Unicode character –ª (U+043B)
               not set up for use with LaTeX.

See the LaTeX manual or LaTeX Companion for explanation.
Type  H <return>  for immediate help.
 ...                                              
                                                  
l.3 	–í –¥–∞–Ω–Ω–æ–º —Ä–∞–∑–¥–µ–ª
                                 –µ —Ä–∞—Å—Å–º–æ—Ç—Ä–µ–Ω—ã —Ñ–∏–∑–∏—á–µ—Å–∫–...

You may provide a definition with
\DeclareUnicodeCharacter 


! LaTeX Error: Unicode character –µ (U+0435)
               not set up for use with LaTeX.

See the LaTeX manual or LaTeX Companion for explanation.
Type  H <return>  for immediate help.
 ...                                              
                                                  
l.3 	–í –¥–∞–Ω–Ω–æ–º —Ä–∞–∑–¥–µ–ª–µ
                                    —Ä–∞—Å—Å–º–æ—Ç—Ä–µ–Ω—ã —Ñ–∏–∑–∏—á–µ—Å–∫–...

You may provide a definition with
\DeclareUnicodeCharacter 


! LaTeX Error: Unicode character —Ä (U+0440)
               not set up for use with LaTeX.

See the LaTeX manual or LaTeX Companion for explanation.
Type  H <return>  for immediate help.
 ...                                              
                                                  
l.3 	–í –¥–∞–Ω–Ω–æ–º —Ä–∞–∑–¥–µ–ª–µ —Ä
                                      –∞—Å—Å–º–æ—Ç—Ä–µ–Ω—ã —Ñ–∏–∑–∏—á–µ—Å–∫–...

You may provide a definition with
\DeclareUnicodeCharacter 


! LaTeX Error: Unicode character –∞ (U+0430)
               not set up for use with LaTeX.

See the LaTeX manual or LaTeX Companion for explanation.
Type  H <return>  for immediate help.
 ...                                              
                                                  
l.3 	–í –¥–∞–Ω–Ω–æ–º —Ä–∞–∑–¥–µ–ª–µ —Ä–∞
                                        —Å—Å–º–æ—Ç—Ä–µ–Ω—ã —Ñ–∏–∑–∏—á–µ—Å–∫–...

You may provide a definition with
\DeclareUnicodeCharacter 


! LaTeX Error: Unicode character —Å (U+0441)
               not set up for use with LaTeX.

See the LaTeX manual or LaTeX Companion for explanation.
Type  H <return>  for immediate help.
 ...                                              
                                                  
l.3 	–í –¥–∞–Ω–Ω–æ–º —Ä–∞–∑–¥–µ–ª–µ —Ä–∞—Å
                                          —Å–º–æ—Ç—Ä–µ–Ω—ã —Ñ–∏–∑–∏—á–µ—Å–∫–...

You may provide a definition with
\DeclareUnicodeCharacter 


! LaTeX Error: Unicode character —Å (U+0441)
               not set up for use with LaTeX.

See the LaTeX manual or LaTeX Companion for explanation.
Type  H <return>  for immediate help.
 ...                                              
                                                  
l.3 	–í –¥–∞–Ω–Ω–æ–º —Ä–∞–∑–¥–µ–ª–µ —Ä–∞—Å—Å
                                            –º–æ—Ç—Ä–µ–Ω—ã —Ñ–∏–∑–∏—á–µ—Å–∫–...

You may provide a definition with
\DeclareUnicodeCharacter 


! LaTeX Error: Unicode character –º (U+043C)
               not set up for use with LaTeX.

See the LaTeX manual or LaTeX Companion for explanation.
Type  H <return>  for immediate help.
 ...                                              
                                                  
l.3 	–í –¥–∞–Ω–Ω–æ–º —Ä–∞–∑–¥–µ–ª–µ —Ä–∞—Å—Å–º
                                              –æ—Ç—Ä–µ–Ω—ã —Ñ–∏–∑–∏—á–µ—Å–∫–...

You may provide a definition with
\DeclareUnicodeCharacter 


! LaTeX Error: Unicode character –æ (U+043E)
               not set up for use with LaTeX.

See the LaTeX manual or LaTeX Companion for explanation.
Type  H <return>  for immediate help.
 ...                                              
                                                  
l.3 	–í –¥–∞–Ω–Ω–æ–º —Ä–∞–∑–¥–µ–ª–µ —Ä–∞—Å—Å–º–æ
                                                —Ç—Ä–µ–Ω—ã —Ñ–∏–∑–∏—á–µ—Å–∫–...

You may provide a definition with
\DeclareUnicodeCharacter 


! LaTeX Error: Unicode character —Ç (U+0442)
               not set up for use with LaTeX.

See the LaTeX manual or LaTeX Companion for explanation.
Type  H <return>  for immediate help.
 ...                                              
                                                  
l.3 	–í –¥–∞–Ω–Ω–æ–º —Ä–∞–∑–¥–µ–ª–µ —Ä–∞—Å—Å–º–æ—Ç
                                                  —Ä–µ–Ω—ã —Ñ–∏–∑–∏—á–µ—Å–∫–...

You may provide a definition with
\DeclareUnicodeCharacter 


! LaTeX Error: Unicode character —Ä (U+0440)
               not set up for use with LaTeX.

See the LaTeX manual or LaTeX Companion for explanation.
Type  H <return>  for immediate help.
 ...                                              
                                                  
l.3 ...¥–∞–Ω–Ω–æ–º —Ä–∞–∑–¥–µ–ª–µ —Ä–∞—Å—Å–º–æ—Ç—Ä
                                                  –µ–Ω—ã —Ñ–∏–∑–∏—á–µ—Å–∫–∏–...

You may provide a definition with
\DeclareUnicodeCharacter 


! LaTeX Error: Unicode character –µ (U+0435)
               not set up for use with LaTeX.

See the LaTeX manual or LaTeX Companion for explanation.
Type  H <return>  for immediate help.
 ...                                              
                                                  
l.3 ...∞–Ω–Ω–æ–º —Ä–∞–∑–¥–µ–ª–µ —Ä–∞—Å—Å–º–æ—Ç—Ä–µ
                                                  –Ω—ã —Ñ–∏–∑–∏—á–µ—Å–∫–∏–µ ...

You may provide a definition with
\DeclareUnicodeCharacter 


! LaTeX Error: Unicode character –Ω (U+043D)
               not set up for use with LaTeX.

See the LaTeX manual or LaTeX Companion for explanation.
Type  H <return>  for immediate help.
 ...                                              
                                                  
l.3 ...Ω–Ω–æ–º —Ä–∞–∑–¥–µ–ª–µ —Ä–∞—Å—Å–º–æ—Ç—Ä–µ–Ω
                                                  —ã —Ñ–∏–∑–∏—á–µ—Å–∫–∏–µ –æ...

You may provide a definition with
\DeclareUnicodeCharacter 


! LaTeX Error: Unicode character —ã (U+044B)
               not set up for use with LaTeX.

See the LaTeX manual or LaTeX Companion for explanation.
Type  H <return>  for immediate help.
 ...                                              
                                                  
l.3 ...Ω–æ–º —Ä–∞–∑–¥–µ–ª–µ —Ä–∞—Å—Å–º–æ—Ç—Ä–µ–Ω—ã
                                                   —Ñ–∏–∑–∏—á–µ—Å–∫–∏–µ –æ—Å...

You may provide a definition with
\DeclareUnicodeCharacter 


! LaTeX Error: Unicode character —Ñ (U+0444)
               not set up for use with LaTeX.

See the LaTeX manual or LaTeX Companion for explanation.
Type  H <return>  for immediate help.
 ...                                              
                                                  
l.3 ...–º —Ä–∞–∑–¥–µ–ª–µ —Ä–∞—Å—Å–º–æ—Ç—Ä–µ–Ω—ã —Ñ
                                                  –∏–∑–∏—á–µ—Å–∫–∏–µ –æ—Å–Ω–...

You may provide a definition with
\DeclareUnicodeCharacter 


! LaTeX Error: Unicode character –∏ (U+0438)
               not set up for use with LaTeX.

See the LaTeX manual or LaTeX Companion for explanation.
Type  H <return>  for immediate help.
 ...                                              
                                                  
l.3 ... —Ä–∞–∑–¥–µ–ª–µ —Ä–∞—Å—Å–º–æ—Ç—Ä–µ–Ω—ã —Ñ–∏
                                                  –∑–∏—á–µ—Å–∫–∏–µ –æ—Å–Ω–æ–...

You may provide a definition with
\DeclareUnicodeCharacter 


! LaTeX Error: Unicode character –∑ (U+0437)
               not set up for use with LaTeX.

See the LaTeX manual or LaTeX Companion for explanation.
Type  H <return>  for immediate help.
 ...                                              
                                                  
l.3 ...Ä–∞–∑–¥–µ–ª–µ —Ä–∞—Å—Å–º–æ—Ç—Ä–µ–Ω—ã —Ñ–∏–∑
                                                  –∏—á–µ—Å–∫–∏–µ –æ—Å–Ω–æ–≤—...

You may provide a definition with
\DeclareUnicodeCharacter 


! LaTeX Error: Unicode character –∏ (U+0438)
               not set up for use with LaTeX.

See the LaTeX manual or LaTeX Companion for explanation.
Type  H <return>  for immediate help.
 ...                                              
                                                  
l.3 ...∞–∑–¥–µ–ª–µ —Ä–∞—Å—Å–º–æ—Ç—Ä–µ–Ω—ã —Ñ–∏–∑–∏
                                                  —á–µ—Å–∫–∏–µ –æ—Å–Ω–æ–≤—ã ...

You may provide a definition with
\DeclareUnicodeCharacter 


! LaTeX Error: Unicode character —á (U+0447)
               not set up for use with LaTeX.

See the LaTeX manual or LaTeX Companion for explanation.
Type  H <return>  for immediate help.
 ...                                              
                                                  
l.3 ...∑–¥–µ–ª–µ —Ä–∞—Å—Å–º–æ—Ç—Ä–µ–Ω—ã —Ñ–∏–∑–∏—á
                                                  –µ—Å–∫–∏–µ –æ—Å–Ω–æ–≤—ã –ø...

You may provide a definition with
\DeclareUnicodeCharacter 


! LaTeX Error: Unicode character –µ (U+0435)
               not set up for use with LaTeX.

See the LaTeX manual or LaTeX Companion for explanation.
Type  H <return>  for immediate help.
 ...                                              
                                                  
l.3 ...¥–µ–ª–µ —Ä–∞—Å—Å–º–æ—Ç—Ä–µ–Ω—ã —Ñ–∏–∑–∏—á–µ
                                                  —Å–∫–∏–µ –æ—Å–Ω–æ–≤—ã –ø—Ä...

You may provide a definition with
\DeclareUnicodeCharacter 


! LaTeX Error: Unicode character —Å (U+0441)
               not set up for use with LaTeX.

See the LaTeX manual or LaTeX Companion for explanation.
Type  H <return>  for immediate help.
 ...                                              
                                                  
l.3 ...µ–ª–µ —Ä–∞—Å—Å–º–æ—Ç—Ä–µ–Ω—ã —Ñ–∏–∑–∏—á–µ—Å
                                                  –∫–∏–µ –æ—Å–Ω–æ–≤—ã –ø—Ä–µ...

You may provide a definition with
\DeclareUnicodeCharacter 


! LaTeX Error: Unicode character –∫ (U+043A)
               not set up for use with LaTeX.

See the LaTeX manual or LaTeX Companion for explanation.
Type  H <return>  for immediate help.
 ...                                              
                                                  
l.3 ...ª–µ —Ä–∞—Å—Å–º–æ—Ç—Ä–µ–Ω—ã —Ñ–∏–∑–∏—á–µ—Å–∫
                                                  –∏–µ –æ—Å–Ω–æ–≤—ã –ø—Ä–µ–ª...

You may provide a definition with
\DeclareUnicodeCharacter 


! LaTeX Error: Unicode character –∏ (U+0438)
               not set up for use with LaTeX.

See the LaTeX manual or LaTeX Companion for explanation.
Type  H <return>  for immediate help.
 ...                                              
                                                  
l.3 ...µ —Ä–∞—Å—Å–º–æ—Ç—Ä–µ–Ω—ã —Ñ–∏–∑–∏—á–µ—Å–∫–∏
                                                  –µ –æ—Å–Ω–æ–≤—ã –ø—Ä–µ–ª–æ...

You may provide a definition with
\DeclareUnicodeCharacter 


! LaTeX Error: Unicode character –µ (U+0435)
               not set up for use with LaTeX.

See the LaTeX manual or LaTeX Companion for explanation.
Type  H <return>  for immediate help.
 ...                                              
                                                  
l.3 ...—Ä–∞—Å—Å–º–æ—Ç—Ä–µ–Ω—ã —Ñ–∏–∑–∏—á–µ—Å–∫–∏–µ
                                                   –æ—Å–Ω–æ–≤—ã –ø—Ä–µ–ª–æ–º...

You may provide a definition with
\DeclareUnicodeCharacter 


! LaTeX Error: Unicode character –æ (U+043E)
               not set up for use with LaTeX.

See the LaTeX manual or LaTeX Companion for explanation.
Type  H <return>  for immediate help.
 ...                                              
                                                  
l.3 ...∞—Å—Å–º–æ—Ç—Ä–µ–Ω—ã —Ñ–∏–∑–∏—á–µ—Å–∫–∏–µ –æ
                                                  —Å–Ω–æ–≤—ã –ø—Ä–µ–ª–æ–º–ª–...

You may provide a definition with
\DeclareUnicodeCharacter 


! LaTeX Error: Unicode character —Å (U+0441)
               not set up for use with LaTeX.

See the LaTeX manual or LaTeX Companion for explanation.
Type  H <return>  for immediate help.
 ...                                              
                                                  
l.3 ...Å—Å–º–æ—Ç—Ä–µ–Ω—ã —Ñ–∏–∑–∏—á–µ—Å–∫–∏–µ –æ—Å
                                                  –Ω–æ–≤—ã –ø—Ä–µ–ª–æ–º–ª–µ–...

You may provide a definition with
\DeclareUnicodeCharacter 


! LaTeX Error: Unicode character –Ω (U+043D)
               not set up for use with LaTeX.

See the LaTeX manual or LaTeX Companion for explanation.
Type  H <return>  for immediate help.
 ...                                              
                                                  
l.3 ...Å–º–æ—Ç—Ä–µ–Ω—ã —Ñ–∏–∑–∏—á–µ—Å–∫–∏–µ –æ—Å–Ω
                                                  –æ–≤—ã –ø—Ä–µ–ª–æ–º–ª–µ–Ω–...

You may provide a definition with
\DeclareUnicodeCharacter 


! LaTeX Error: Unicode character –æ (U+043E)
               not set up for use with LaTeX.

See the LaTeX manual or LaTeX Companion for explanation.
Type  H <return>  for immediate help.
 ...                                              
                                                  
l.3 ...º–æ—Ç—Ä–µ–Ω—ã —Ñ–∏–∑–∏—á–µ—Å–∫–∏–µ –æ—Å–Ω–æ
                                                  –≤—ã –ø—Ä–µ–ª–æ–º–ª–µ–Ω–∏—...

You may provide a definition with
\DeclareUnicodeCharacter 


! LaTeX Error: Unicode character –≤ (U+0432)
               not set up for use with LaTeX.

See the LaTeX manual or LaTeX Companion for explanation.
Type  H <return>  for immediate help.
 ...                                              
                                                  
l.3 ...æ—Ç—Ä–µ–Ω—ã —Ñ–∏–∑–∏—á–µ—Å–∫–∏–µ –æ—Å–Ω–æ–≤
                                                  —ã –ø—Ä–µ–ª–æ–º–ª–µ–Ω–∏—è,...

You may provide a definition with
\DeclareUnicodeCharacter 


! LaTeX Error: Unicode character —ã (U+044B)
               not set up for use with LaTeX.

See the LaTeX manual or LaTeX Companion for explanation.
Type  H <return>  for immediate help.
 ...                                              
                                                  
l.3 ...Ç—Ä–µ–Ω—ã —Ñ–∏–∑–∏—á–µ—Å–∫–∏–µ –æ—Å–Ω–æ–≤—ã
                                                   –ø—Ä–µ–ª–æ–º–ª–µ–Ω–∏—è, —...

You may provide a definition with
\DeclareUnicodeCharacter 


! LaTeX Error: Unicode character –ø (U+043F)
               not set up for use with LaTeX.

See the LaTeX manual or LaTeX Companion for explanation.
Type  H <return>  for immediate help.
 ...                                              
                                                  
l.3 ...–µ–Ω—ã —Ñ–∏–∑–∏—á–µ—Å–∫–∏–µ –æ—Å–Ω–æ–≤—ã –ø
                                                  —Ä–µ–ª–æ–º–ª–µ–Ω–∏—è, —Å—É...

You may provide a definition with
\DeclareUnicodeCharacter 


! LaTeX Error: Unicode character —Ä (U+0440)
               not set up for use with LaTeX.

See the LaTeX manual or LaTeX Companion for explanation.
Type  H <return>  for immediate help.
 ...                                              
                                                  
l.3 ...–Ω—ã —Ñ–∏–∑–∏—á–µ—Å–∫–∏–µ –æ—Å–Ω–æ–≤—ã –ø—Ä
                                                  –µ–ª–æ–º–ª–µ–Ω–∏—è, —Å—É—â...

You may provide a definition with
\DeclareUnicodeCharacter 


! LaTeX Error: Unicode character –µ (U+0435)
               not set up for use with LaTeX.

See the LaTeX manual or LaTeX Companion for explanation.
Type  H <return>  for immediate help.
 ...                                              
                                                  
l.3 ...—ã —Ñ–∏–∑–∏—á–µ—Å–∫–∏–µ –æ—Å–Ω–æ–≤—ã –ø—Ä–µ
                                                  –ª–æ–º–ª–µ–Ω–∏—è, —Å—É—â–µ...

You may provide a definition with
\DeclareUnicodeCharacter 


! LaTeX Error: Unicode character –ª (U+043B)
               not set up for use with LaTeX.

See the LaTeX manual or LaTeX Companion for explanation.
Type  H <return>  for immediate help.
 ...                                              
                                                  
l.3 ... —Ñ–∏–∑–∏—á–µ—Å–∫–∏–µ –æ—Å–Ω–æ–≤—ã –ø—Ä–µ–ª
                                                  –æ–º–ª–µ–Ω–∏—è, —Å—É—â–µ—Å...

You may provide a definition with
\DeclareUnicodeCharacter 


! LaTeX Error: Unicode character –æ (U+043E)
               not set up for use with LaTeX.

See the LaTeX manual or LaTeX Companion for explanation.
Type  H <return>  for immediate help.
 ...                                              
                                                  
l.3 ...Ñ–∏–∑–∏—á–µ—Å–∫–∏–µ –æ—Å–Ω–æ–≤—ã –ø—Ä–µ–ª–æ
                                                  –º–ª–µ–Ω–∏—è, —Å—É—â–µ—Å—Ç...

You may provide a definition with
\DeclareUnicodeCharacter 


! LaTeX Error: Unicode character –º (U+043C)
               not set up for use with LaTeX.

See the LaTeX manual or LaTeX Companion for explanation.
Type  H <return>  for immediate help.
 ...                                              
                                                  
l.3 ...∏–∑–∏—á–µ—Å–∫–∏–µ –æ—Å–Ω–æ–≤—ã –ø—Ä–µ–ª–æ–º
                                                  –ª–µ–Ω–∏—è, —Å—É—â–µ—Å—Ç–≤...

You may provide a definition with
\DeclareUnicodeCharacter 


! LaTeX Error: Unicode character –ª (U+043B)
               not set up for use with LaTeX.

See the LaTeX manual or LaTeX Companion for explanation.
Type  H <return>  for immediate help.
 ...                                              
                                                  
l.3 ...∑–∏—á–µ—Å–∫–∏–µ –æ—Å–Ω–æ–≤—ã –ø—Ä–µ–ª–æ–º–ª
                                                  –µ–Ω–∏—è, —Å—É—â–µ—Å—Ç–≤—É...

You may provide a definition with
\DeclareUnicodeCharacter 


! LaTeX Error: Unicode character –µ (U+0435)
               not set up for use with LaTeX.

See the LaTeX manual or LaTeX Companion for explanation.
Type  H <return>  for immediate help.
 ...                                              
                                                  
l.3 ...∏—á–µ—Å–∫–∏–µ –æ—Å–Ω–æ–≤—ã –ø—Ä–µ–ª–æ–º–ª–µ
                                                  –Ω–∏—è, —Å—É—â–µ—Å—Ç–≤—É—é...

You may provide a definition with
\DeclareUnicodeCharacter 


! LaTeX Error: Unicode character –Ω (U+043D)
               not set up for use with LaTeX.

See the LaTeX manual or LaTeX Companion for explanation.
Type  H <return>  for immediate help.
 ...                                              
                                                  
l.3 ...á–µ—Å–∫–∏–µ –æ—Å–Ω–æ–≤—ã –ø—Ä–µ–ª–æ–º–ª–µ–Ω
                                                  –∏—è, —Å—É—â–µ—Å—Ç–≤—É—é—â...

You may provide a definition with
\DeclareUnicodeCharacter 


! LaTeX Error: Unicode character –∏ (U+0438)
               not set up for use with LaTeX.

See the LaTeX manual or LaTeX Companion for explanation.
Type  H <return>  for immediate help.
 ...                                              
                                                  
l.3 ...µ—Å–∫–∏–µ –æ—Å–Ω–æ–≤—ã –ø—Ä–µ–ª–æ–º–ª–µ–Ω–∏
                                                  —è, —Å—É—â–µ—Å—Ç–≤—É—é—â–∏...

You may provide a definition with
\DeclareUnicodeCharacter 


! LaTeX Error: Unicode character —è (U+044F)
               not set up for use with LaTeX.

See the LaTeX manual or LaTeX Companion for explanation.
Type  H <return>  for immediate help.
 ...                                              
                                                  
l.3 ...Å–∫–∏–µ –æ—Å–Ω–æ–≤—ã –ø—Ä–µ–ª–æ–º–ª–µ–Ω–∏—è
                                                  , —Å—É—â–µ—Å—Ç–≤—É—é—â–∏–µ...

You may provide a definition with
\DeclareUnicodeCharacter 


! LaTeX Error: Missing \begin{document}.

See the LaTeX manual or LaTeX Companion for explanation.
Type  H <return>  for immediate help.
 ...                                              
                                                  
l.3 ...–∫–∏–µ –æ—Å–Ω–æ–≤—ã –ø—Ä–µ–ª–æ–º–ª–µ–Ω–∏—è,
                                                   —Å—É—â–µ—Å—Ç–≤—É—é—â–∏–µ ...

You're in trouble here.  Try typing  <return>  to proceed.
If that doesn't work, type  X <return>  to quit.

Missing character: There is no , in font nullfont!

! LaTeX Error: Unicode character —Å (U+0441)
               not set up for use with LaTeX.

See the LaTeX manual or LaTeX Companion for explanation.
Type  H <return>  for immediate help.
 ...                                              
                                                  
l.3 ...∏–µ –æ—Å–Ω–æ–≤—ã –ø—Ä–µ–ª–æ–º–ª–µ–Ω–∏—è, —Å
                                                  —É—â–µ—Å—Ç–≤—É—é—â–∏–µ –∞–...

You may provide a definition with
\DeclareUnicodeCharacter 


! LaTeX Error: Unicode character —É (U+0443)
               not set up for use with LaTeX.

See the LaTeX manual or LaTeX Companion for explanation.
Type  H <return>  for immediate help.
 ...                                              
                                                  
l.3 ...µ –æ—Å–Ω–æ–≤—ã –ø—Ä–µ–ª–æ–º–ª–µ–Ω–∏—è, —Å—É
                                                  —â–µ—Å—Ç–≤—É—é—â–∏–µ –∞–ª–...

You may provide a definition with
\DeclareUnicodeCharacter 


! LaTeX Error: Unicode character —â (U+0449)
               not set up for use with LaTeX.

See the LaTeX manual or LaTeX Companion for explanation.
Type  H <return>  for immediate help.
 ...                                              
                                                  
l.3 ...–æ—Å–Ω–æ–≤—ã –ø—Ä–µ–ª–æ–º–ª–µ–Ω–∏—è, —Å—É—â
                                                  –µ—Å—Ç–≤—É—é—â–∏–µ –∞–ª–≥–...

You may provide a definition with
\DeclareUnicodeCharacter 


! LaTeX Error: Unicode character –µ (U+0435)
               not set up for use with LaTeX.

See the LaTeX manual or LaTeX Companion for explanation.
Type  H <return>  for immediate help.
 ...                                              
                                                  
l.3 ...—Å–Ω–æ–≤—ã –ø—Ä–µ–ª–æ–º–ª–µ–Ω–∏—è, —Å—É—â–µ
                                                  —Å—Ç–≤—É—é—â–∏–µ –∞–ª–≥–æ—...

You may provide a definition with
\DeclareUnicodeCharacter 


! LaTeX Error: Unicode character —Å (U+0441)
               not set up for use with LaTeX.

See the LaTeX manual or LaTeX Companion for explanation.
Type  H <return>  for immediate help.
 ...                                              
                                                  
l.3 ...–Ω–æ–≤—ã –ø—Ä–µ–ª–æ–º–ª–µ–Ω–∏—è, —Å—É—â–µ—Å
                                                  —Ç–≤—É—é—â–∏–µ –∞–ª–≥–æ—Ä–...

You may provide a definition with
\DeclareUnicodeCharacter 


! LaTeX Error: Unicode character —Ç (U+0442)
               not set up for use with LaTeX.

See the LaTeX manual or LaTeX Companion for explanation.
Type  H <return>  for immediate help.
 ...                                              
                                                  
l.3 ...–æ–≤—ã –ø—Ä–µ–ª–æ–º–ª–µ–Ω–∏—è, —Å—É—â–µ—Å—Ç
                                                  –≤—É—é—â–∏–µ –∞–ª–≥–æ—Ä–∏—...

You may provide a definition with
\DeclareUnicodeCharacter 


! LaTeX Error: Unicode character –≤ (U+0432)
               not set up for use with LaTeX.

See the LaTeX manual or LaTeX Companion for explanation.
Type  H <return>  for immediate help.
 ...                                              
                                                  
l.3 ...–≤—ã –ø—Ä–µ–ª–æ–º–ª–µ–Ω–∏—è, —Å—É—â–µ—Å—Ç–≤
                                                  —É—é—â–∏–µ –∞–ª–≥–æ—Ä–∏—Ç–...

You may provide a definition with
\DeclareUnicodeCharacter 


! LaTeX Error: Unicode character —É (U+0443)
               not set up for use with LaTeX.

See the LaTeX manual or LaTeX Companion for explanation.
Type  H <return>  for immediate help.
 ...                                              
                                                  
l.3 ...—ã –ø—Ä–µ–ª–æ–º–ª–µ–Ω–∏—è, —Å—É—â–µ—Å—Ç–≤—É
                                                  —é—â–∏–µ –∞–ª–≥–æ—Ä–∏—Ç–º—...

You may provide a definition with
\DeclareUnicodeCharacter 


! LaTeX Error: Unicode character —é (U+044E)
               not set up for use with LaTeX.

See the LaTeX manual or LaTeX Companion for explanation.
Type  H <return>  for immediate help.
 ...                                              
                                                  
l.3 ... –ø—Ä–µ–ª–æ–º–ª–µ–Ω–∏—è, —Å—É—â–µ—Å—Ç–≤—É—é
                                                  —â–∏–µ –∞–ª–≥–æ—Ä–∏—Ç–º—ã ...

You may provide a definition with
\DeclareUnicodeCharacter 


! LaTeX Error: Unicode character —â (U+0449)
               not set up for use with LaTeX.

See the LaTeX manual or LaTeX Companion for explanation.
Type  H <return>  for immediate help.
 ...                                              
                                                  
l.3 ...ø—Ä–µ–ª–æ–º–ª–µ–Ω–∏—è, —Å—É—â–µ—Å—Ç–≤—É—é—â
                                                  –∏–µ –∞–ª–≥–æ—Ä–∏—Ç–º—ã –ø...

You may provide a definition with
\DeclareUnicodeCharacter 


! LaTeX Error: Unicode character –∏ (U+0438)
               not set up for use with LaTeX.

See the LaTeX manual or LaTeX Companion for explanation.
Type  H <return>  for immediate help.
 ...                                              
                                                  
l.3 ...Ä–µ–ª–æ–º–ª–µ–Ω–∏—è, —Å—É—â–µ—Å—Ç–≤—É—é—â–∏
                                                  –µ –∞–ª–≥–æ—Ä–∏—Ç–º—ã –ø–æ...

You may provide a definition with
\DeclareUnicodeCharacter 


! LaTeX Error: Unicode character –µ (U+0435)
               not set up for use with LaTeX.

See the LaTeX manual or LaTeX Companion for explanation.
Type  H <return>  for immediate help.
 ...                                              
                                                  
l.3 ...µ–ª–æ–º–ª–µ–Ω–∏—è, —Å—É—â–µ—Å—Ç–≤—É—é—â–∏–µ
                                                   –∞–ª–≥–æ—Ä–∏—Ç–º—ã –ø–æ—Å...

You may provide a definition with
\DeclareUnicodeCharacter 


! LaTeX Error: Unicode character –∞ (U+0430)
               not set up for use with LaTeX.

See the LaTeX manual or LaTeX Companion for explanation.
Type  H <return>  for immediate help.
 ...                                              
                                                  
l.3 ...–æ–º–ª–µ–Ω–∏—è, —Å—É—â–µ—Å—Ç–≤—É—é—â–∏–µ –∞
                                                  –ª–≥–æ—Ä–∏—Ç–º—ã –ø–æ—Å—Ç—...

You may provide a definition with
\DeclareUnicodeCharacter 


! LaTeX Error: Unicode character –ª (U+043B)
               not set up for use with LaTeX.

See the LaTeX manual or LaTeX Companion for explanation.
Type  H <return>  for immediate help.
 ...                                              
                                                  
l.3 ...–º–ª–µ–Ω–∏—è, —Å—É—â–µ—Å—Ç–≤—É—é—â–∏–µ –∞–ª
                                                  –≥–æ—Ä–∏—Ç–º—ã –ø–æ—Å—Ç—Ä–...

You may provide a definition with
\DeclareUnicodeCharacter 


! LaTeX Error: Unicode character –≥ (U+0433)
               not set up for use with LaTeX.

See the LaTeX manual or LaTeX Companion for explanation.
Type  H <return>  for immediate help.
 ...                                              
                                                  
l.3 ...–ª–µ–Ω–∏—è, —Å—É—â–µ—Å—Ç–≤—É—é—â–∏–µ –∞–ª–≥
                                                  –æ—Ä–∏—Ç–º—ã –ø–æ—Å—Ç—Ä–æ–...

You may provide a definition with
\DeclareUnicodeCharacter 


! LaTeX Error: Unicode character –æ (U+043E)
               not set up for use with LaTeX.

See the LaTeX manual or LaTeX Companion for explanation.
Type  H <return>  for immediate help.
 ...                                              
                                                  
l.3 ...–µ–Ω–∏—è, —Å—É—â–µ—Å—Ç–≤—É—é—â–∏–µ –∞–ª–≥–æ
                                                  —Ä–∏—Ç–º—ã –ø–æ—Å—Ç—Ä–æ–µ–...

You may provide a definition with
\DeclareUnicodeCharacter 


! LaTeX Error: Unicode character —Ä (U+0440)
               not set up for use with LaTeX.

See the LaTeX manual or LaTeX Companion for explanation.
Type  H <return>  for immediate help.
 ...                                              
                                                  
l.3 ...–Ω–∏—è, —Å—É—â–µ—Å—Ç–≤—É—é—â–∏–µ –∞–ª–≥–æ—Ä
                                                  –∏—Ç–º—ã –ø–æ—Å—Ç—Ä–æ–µ–Ω–...

You may provide a definition with
\DeclareUnicodeCharacter 


! LaTeX Error: Unicode character –∏ (U+0438)
               not set up for use with LaTeX.

See the LaTeX manual or LaTeX Companion for explanation.
Type  H <return>  for immediate help.
 ...                                              
                                                  
l.3 ...–∏—è, —Å—É—â–µ—Å—Ç–≤—É—é—â–∏–µ –∞–ª–≥–æ—Ä–∏
                                                  —Ç–º—ã –ø–æ—Å—Ç—Ä–æ–µ–Ω–∏—...

You may provide a definition with
\DeclareUnicodeCharacter 


! LaTeX Error: Unicode character —Ç (U+0442)
               not set up for use with LaTeX.

See the LaTeX manual or LaTeX Companion for explanation.
Type  H <return>  for immediate help.
 ...                                              
                                                  
l.3 ...—è, —Å—É—â–µ—Å—Ç–≤—É—é—â–∏–µ –∞–ª–≥–æ—Ä–∏—Ç
                                                  –º—ã –ø–æ—Å—Ç—Ä–æ–µ–Ω–∏—è ...

You may provide a definition with
\DeclareUnicodeCharacter 


! LaTeX Error: Unicode character –º (U+043C)
               not set up for use with LaTeX.

See the LaTeX manual or LaTeX Companion for explanation.
Type  H <return>  for immediate help.
 ...                                              
                                                  
l.3 ..., —Å—É—â–µ—Å—Ç–≤—É—é—â–∏–µ –∞–ª–≥–æ—Ä–∏—Ç–º
                                                  —ã –ø–æ—Å—Ç—Ä–æ–µ–Ω–∏—è —Ä...

You may provide a definition with
\DeclareUnicodeCharacter 


! LaTeX Error: Unicode character —ã (U+044B)
               not set up for use with LaTeX.

See the LaTeX manual or LaTeX Companion for explanation.
Type  H <return>  for immediate help.
 ...                                              
                                                  
l.3 ...—Å—É—â–µ—Å—Ç–≤—É—é—â–∏–µ –∞–ª–≥–æ—Ä–∏—Ç–º—ã
                                                   –ø–æ—Å—Ç—Ä–æ–µ–Ω–∏—è —Ä–µ...

You may provide a definition with
\DeclareUnicodeCharacter 


! LaTeX Error: Unicode character –ø (U+043F)
               not set up for use with LaTeX.

See the LaTeX manual or LaTeX Companion for explanation.
Type  H <return>  for immediate help.
 ...                                              
                                                  
l.3 ...É—â–µ—Å—Ç–≤—É—é—â–∏–µ –∞–ª–≥–æ—Ä–∏—Ç–º—ã –ø
                                                  –æ—Å—Ç—Ä–æ–µ–Ω–∏—è —Ä–µ–∞–...

You may provide a definition with
\DeclareUnicodeCharacter 


! LaTeX Error: Unicode character –æ (U+043E)
               not set up for use with LaTeX.

See the LaTeX manual or LaTeX Companion for explanation.
Type  H <return>  for immediate help.
 ...                                              
                                                  
l.3 ...â–µ—Å—Ç–≤—É—é—â–∏–µ –∞–ª–≥–æ—Ä–∏—Ç–º—ã –ø–æ
                                                  —Å—Ç—Ä–æ–µ–Ω–∏—è —Ä–µ–∞–ª–...

You may provide a definition with
\DeclareUnicodeCharacter 


! LaTeX Error: Unicode character —Å (U+0441)
               not set up for use with LaTeX.

See the LaTeX manual or LaTeX Companion for explanation.
Type  H <return>  for immediate help.
 ...                                              
                                                  
l.3 ...µ—Å—Ç–≤—É—é—â–∏–µ –∞–ª–≥–æ—Ä–∏—Ç–º—ã –ø–æ—Å
                                                  —Ç—Ä–æ–µ–Ω–∏—è —Ä–µ–∞–ª–∏—...

You may provide a definition with
\DeclareUnicodeCharacter 


! LaTeX Error: Unicode character —Ç (U+0442)
               not set up for use with LaTeX.

See the LaTeX manual or LaTeX Companion for explanation.
Type  H <return>  for immediate help.
 ...                                              
                                                  
l.3 ...Å—Ç–≤—É—é—â–∏–µ –∞–ª–≥–æ—Ä–∏—Ç–º—ã –ø–æ—Å—Ç
                                                  —Ä–æ–µ–Ω–∏—è —Ä–µ–∞–ª–∏—Å—...

You may provide a definition with
\DeclareUnicodeCharacter 


! LaTeX Error: Unicode character —Ä (U+0440)
               not set up for use with LaTeX.

See the LaTeX manual or LaTeX Companion for explanation.
Type  H <return>  for immediate help.
 ...                                              
                                                  
l.3 ...Ç–≤—É—é—â–∏–µ –∞–ª–≥–æ—Ä–∏—Ç–º—ã –ø–æ—Å—Ç—Ä
                                                  –æ–µ–Ω–∏—è —Ä–µ–∞–ª–∏—Å—Ç–...

You may provide a definition with
\DeclareUnicodeCharacter 


! LaTeX Error: Unicode character –æ (U+043E)
               not set up for use with LaTeX.

See the LaTeX manual or LaTeX Companion for explanation.
Type  H <return>  for immediate help.
 ...                                              
                                                  
l.3 ...≤—É—é—â–∏–µ –∞–ª–≥–æ—Ä–∏—Ç–º—ã –ø–æ—Å—Ç—Ä–æ
                                                  –µ–Ω–∏—è —Ä–µ–∞–ª–∏—Å—Ç–∏—...

You may provide a definition with
\DeclareUnicodeCharacter 


! LaTeX Error: Unicode character –µ (U+0435)
               not set up for use with LaTeX.

See the LaTeX manual or LaTeX Companion for explanation.
Type  H <return>  for immediate help.
 ...                                              
                                                  
l.3 ...É—é—â–∏–µ –∞–ª–≥–æ—Ä–∏—Ç–º—ã –ø–æ—Å—Ç—Ä–æ–µ
                                                  –Ω–∏—è —Ä–µ–∞–ª–∏—Å—Ç–∏—á–...

You may provide a definition with
\DeclareUnicodeCharacter 


! LaTeX Error: Unicode character –Ω (U+043D)
               not set up for use with LaTeX.

See the LaTeX manual or LaTeX Companion for explanation.
Type  H <return>  for immediate help.
 ...                                              
                                                  
l.3 ...é—â–∏–µ –∞–ª–≥–æ—Ä–∏—Ç–º—ã –ø–æ—Å—Ç—Ä–æ–µ–Ω
                                                  –∏—è —Ä–µ–∞–ª–∏—Å—Ç–∏—á–µ—...

You may provide a definition with
\DeclareUnicodeCharacter 


! LaTeX Error: Unicode character –∏ (U+0438)
               not set up for use with LaTeX.

See the LaTeX manual or LaTeX Companion for explanation.
Type  H <return>  for immediate help.
 ...                                              
                                                  
l.3 ...â–∏–µ –∞–ª–≥–æ—Ä–∏—Ç–º—ã –ø–æ—Å—Ç—Ä–æ–µ–Ω–∏
                                                  —è —Ä–µ–∞–ª–∏—Å—Ç–∏—á–µ—Å–...

You may provide a definition with
\DeclareUnicodeCharacter 


! LaTeX Error: Unicode character —è (U+044F)
               not set up for use with LaTeX.

See the LaTeX manual or LaTeX Companion for explanation.
Type  H <return>  for immediate help.
 ...                                              
                                                  
l.3 ...∏–µ –∞–ª–≥–æ—Ä–∏—Ç–º—ã –ø–æ—Å—Ç—Ä–æ–µ–Ω–∏—è
                                                   —Ä–µ–∞–ª–∏—Å—Ç–∏—á–µ—Å–∫–...

You may provide a definition with
\DeclareUnicodeCharacter 


! LaTeX Error: Unicode character —Ä (U+0440)
               not set up for use with LaTeX.

See the LaTeX manual or LaTeX Companion for explanation.
Type  H <return>  for immediate help.
 ...                                              
                                                  
l.3 ... –∞–ª–≥–æ—Ä–∏—Ç–º—ã –ø–æ—Å—Ç—Ä–æ–µ–Ω–∏—è —Ä
                                                  –µ–∞–ª–∏—Å—Ç–∏—á–µ—Å–∫–∏—Ö...

You may provide a definition with
\DeclareUnicodeCharacter 


! LaTeX Error: Unicode character –µ (U+0435)
               not set up for use with LaTeX.

See the LaTeX manual or LaTeX Companion for explanation.
Type  H <return>  for immediate help.
 ...                                              
                                                  
l.3 ...∞–ª–≥–æ—Ä–∏—Ç–º—ã –ø–æ—Å—Ç—Ä–æ–µ–Ω–∏—è —Ä–µ
                                                  –∞–ª–∏—Å—Ç–∏—á–µ—Å–∫–∏—Ö –...

You may provide a definition with
\DeclareUnicodeCharacter 


! LaTeX Error: Unicode character –∞ (U+0430)
               not set up for use with LaTeX.

See the LaTeX manual or LaTeX Companion for explanation.
Type  H <return>  for immediate help.
 ...                                              
                                                  
l.3 ...ª–≥–æ—Ä–∏—Ç–º—ã –ø–æ—Å—Ç—Ä–æ–µ–Ω–∏—è —Ä–µ–∞
                                                  –ª–∏—Å—Ç–∏—á–µ—Å–∫–∏—Ö –∏–...

You may provide a definition with
\DeclareUnicodeCharacter 


! LaTeX Error: Unicode character –ª (U+043B)
               not set up for use with LaTeX.

See the LaTeX manual or LaTeX Companion for explanation.
Type  H <return>  for immediate help.
 ...                                              
                                                  
l.3 ...≥–æ—Ä–∏—Ç–º—ã –ø–æ—Å—Ç—Ä–æ–µ–Ω–∏—è —Ä–µ–∞–ª
                                                  –∏—Å—Ç–∏—á–µ—Å–∫–∏—Ö –∏–∑–...

You may provide a definition with
\DeclareUnicodeCharacter 


! LaTeX Error: Unicode character –∏ (U+0438)
               not set up for use with LaTeX.

See the LaTeX manual or LaTeX Companion for explanation.
Type  H <return>  for immediate help.
 ...                                              
                                                  
l.3 ...æ—Ä–∏—Ç–º—ã –ø–æ—Å—Ç—Ä–æ–µ–Ω–∏—è —Ä–µ–∞–ª–∏
                                                  —Å—Ç–∏—á–µ—Å–∫–∏—Ö –∏–∑–æ–...

You may provide a definition with
\DeclareUnicodeCharacter 


! LaTeX Error: Unicode character —Å (U+0441)
               not set up for use with LaTeX.

See the LaTeX manual or LaTeX Companion for explanation.
Type  H <return>  for immediate help.
 ...                                              
                                                  
l.3 ...Ä–∏—Ç–º—ã –ø–æ—Å—Ç—Ä–æ–µ–Ω–∏—è —Ä–µ–∞–ª–∏—Å
                                                  —Ç–∏—á–µ—Å–∫–∏—Ö –∏–∑–æ–±—...

You may provide a definition with
\DeclareUnicodeCharacter 


! LaTeX Error: Unicode character —Ç (U+0442)
               not set up for use with LaTeX.

See the LaTeX manual or LaTeX Companion for explanation.
Type  H <return>  for immediate help.
 ...                                              
                                                  
l.3 ...∏—Ç–º—ã –ø–æ—Å—Ç—Ä–æ–µ–Ω–∏—è —Ä–µ–∞–ª–∏—Å—Ç
                                                  –∏—á–µ—Å–∫–∏—Ö –∏–∑–æ–±—Ä–...

You may provide a definition with
\DeclareUnicodeCharacter 


! LaTeX Error: Unicode character –∏ (U+0438)
               not set up for use with LaTeX.

See the LaTeX manual or LaTeX Companion for explanation.
Type  H <return>  for immediate help.
 ...                                              
                                                  
l.3 ...Ç–º—ã –ø–æ—Å—Ç—Ä–æ–µ–Ω–∏—è —Ä–µ–∞–ª–∏—Å—Ç–∏
                                                  —á–µ—Å–∫–∏—Ö –∏–∑–æ–±—Ä–∞–...

You may provide a definition with
\DeclareUnicodeCharacter 


! LaTeX Error: Unicode character —á (U+0447)
               not set up for use with LaTeX.

See the LaTeX manual or LaTeX Companion for explanation.
Type  H <return>  for immediate help.
 ...                                              
                                                  
l.3 ...º—ã –ø–æ—Å—Ç—Ä–æ–µ–Ω–∏—è —Ä–µ–∞–ª–∏—Å—Ç–∏—á
                                                  –µ—Å–∫–∏—Ö –∏–∑–æ–±—Ä–∞–∂–...

You may provide a definition with
\DeclareUnicodeCharacter 


! LaTeX Error: Unicode character –µ (U+0435)
               not set up for use with LaTeX.

See the LaTeX manual or LaTeX Companion for explanation.
Type  H <return>  for immediate help.
 ...                                              
                                                  
l.3 ...ã –ø–æ—Å—Ç—Ä–æ–µ–Ω–∏—è —Ä–µ–∞–ª–∏—Å—Ç–∏—á–µ
                                                  —Å–∫–∏—Ö –∏–∑–æ–±—Ä–∞–∂–µ–...

You may provide a definition with
\DeclareUnicodeCharacter 


! LaTeX Error: Unicode character —Å (U+0441)
               not set up for use with LaTeX.

See the LaTeX manual or LaTeX Companion for explanation.
Type  H <return>  for immediate help.
 ...                                              
                                                  
l.3 ...–ø–æ—Å—Ç—Ä–æ–µ–Ω–∏—è —Ä–µ–∞–ª–∏—Å—Ç–∏—á–µ—Å
                                                  –∫–∏—Ö –∏–∑–æ–±—Ä–∞–∂–µ–Ω–...

You may provide a definition with
\DeclareUnicodeCharacter 


! LaTeX Error: Unicode character –∫ (U+043A)
               not set up for use with LaTeX.

See the LaTeX manual or LaTeX Companion for explanation.
Type  H <return>  for immediate help.
 ...                                              
                                                  
l.3 ...–æ—Å—Ç—Ä–æ–µ–Ω–∏—è —Ä–µ–∞–ª–∏—Å—Ç–∏—á–µ—Å–∫
                                                  –∏—Ö –∏–∑–æ–±—Ä–∞–∂–µ–Ω–∏–...

You may provide a definition with
\DeclareUnicodeCharacter 


! LaTeX Error: Unicode character –∏ (U+0438)
               not set up for use with LaTeX.

See the LaTeX manual or LaTeX Companion for explanation.
Type  H <return>  for immediate help.
 ...                                              
                                                  
l.3 ...—Å—Ç—Ä–æ–µ–Ω–∏—è —Ä–µ–∞–ª–∏—Å—Ç–∏—á–µ—Å–∫–∏
                                                  —Ö –∏–∑–æ–±—Ä–∞–∂–µ–Ω–∏–π ...

You may provide a definition with
\DeclareUnicodeCharacter 


! LaTeX Error: Unicode character —Ö (U+0445)
               not set up for use with LaTeX.

See the LaTeX manual or LaTeX Companion for explanation.
Type  H <return>  for immediate help.
 ...                                              
                                                  
l.3 ...—Ç—Ä–æ–µ–Ω–∏—è —Ä–µ–∞–ª–∏—Å—Ç–∏—á–µ—Å–∫–∏—Ö
                                                   –∏–∑–æ–±—Ä–∞–∂–µ–Ω–∏–π –∏...

You may provide a definition with
\DeclareUnicodeCharacter 


! LaTeX Error: Unicode character –∏ (U+0438)
               not set up for use with LaTeX.

See the LaTeX manual or LaTeX Companion for explanation.
Type  H <return>  for immediate help.
 ...                                              
                                                  
l.3 ...Ä–æ–µ–Ω–∏—è —Ä–µ–∞–ª–∏—Å—Ç–∏—á–µ—Å–∫–∏—Ö –∏
                                                  –∑–æ–±—Ä–∞–∂–µ–Ω–∏–π –∏ —Å...

You may provide a definition with
\DeclareUnicodeCharacter 


! LaTeX Error: Unicode character –∑ (U+0437)
               not set up for use with LaTeX.

See the LaTeX manual or LaTeX Companion for explanation.
Type  H <return>  for immediate help.
 ...                                              
                                                  
l.3 ...æ–µ–Ω–∏—è —Ä–µ–∞–ª–∏—Å—Ç–∏—á–µ—Å–∫–∏—Ö –∏–∑
                                                  –æ–±—Ä–∞–∂–µ–Ω–∏–π –∏ —Å–ø...

You may provide a definition with
\DeclareUnicodeCharacter 


! LaTeX Error: Unicode character –æ (U+043E)
               not set up for use with LaTeX.

See the LaTeX manual or LaTeX Companion for explanation.
Type  H <return>  for immediate help.
 ...                                              
                                                  
l.3 ...µ–Ω–∏—è —Ä–µ–∞–ª–∏—Å—Ç–∏—á–µ—Å–∫–∏—Ö –∏–∑–æ
                                                  –±—Ä–∞–∂–µ–Ω–∏–π –∏ —Å–ø–æ...

You may provide a definition with
\DeclareUnicodeCharacter 


! LaTeX Error: Unicode character –± (U+0431)
               not set up for use with LaTeX.

See the LaTeX manual or LaTeX Companion for explanation.
Type  H <return>  for immediate help.
 ...                                              
                                                  
l.3 ...Ω–∏—è —Ä–µ–∞–ª–∏—Å—Ç–∏—á–µ—Å–∫–∏—Ö –∏–∑–æ–±
                                                  —Ä–∞–∂–µ–Ω–∏–π –∏ —Å–ø–æ—Å...

You may provide a definition with
\DeclareUnicodeCharacter 


! LaTeX Error: Unicode character —Ä (U+0440)
               not set up for use with LaTeX.

See the LaTeX manual or LaTeX Companion for explanation.
Type  H <return>  for immediate help.
 ...                                              
                                                  
l.3 ...∏—è —Ä–µ–∞–ª–∏—Å—Ç–∏—á–µ—Å–∫–∏—Ö –∏–∑–æ–±—Ä
                                                  –∞–∂–µ–Ω–∏–π –∏ —Å–ø–æ—Å–æ...

You may provide a definition with
\DeclareUnicodeCharacter 


! LaTeX Error: Unicode character –∞ (U+0430)
               not set up for use with LaTeX.

See the LaTeX manual or LaTeX Companion for explanation.
Type  H <return>  for immediate help.
 ...                                              
                                                  
l.3 ...è —Ä–µ–∞–ª–∏—Å—Ç–∏—á–µ—Å–∫–∏—Ö –∏–∑–æ–±—Ä–∞
                                                  –∂–µ–Ω–∏–π –∏ —Å–ø–æ—Å–æ–±...

You may provide a definition with
\DeclareUnicodeCharacter 


! LaTeX Error: Unicode character –∂ (U+0436)
               not set up for use with LaTeX.

See the LaTeX manual or LaTeX Companion for explanation.
Type  H <return>  for immediate help.
 ...                                              
                                                  
l.3 ...—Ä–µ–∞–ª–∏—Å—Ç–∏—á–µ—Å–∫–∏—Ö –∏–∑–æ–±—Ä–∞–∂
                                                  –µ–Ω–∏–π –∏ —Å–ø–æ—Å–æ–±—ã...

You may provide a definition with
\DeclareUnicodeCharacter 


! LaTeX Error: Unicode character –µ (U+0435)
               not set up for use with LaTeX.

See the LaTeX manual or LaTeX Companion for explanation.
Type  H <return>  for immediate help.
 ...                                              
                                                  
l.3 ...–µ–∞–ª–∏—Å—Ç–∏—á–µ—Å–∫–∏—Ö –∏–∑–æ–±—Ä–∞–∂–µ
                                                  –Ω–∏–π –∏ —Å–ø–æ—Å–æ–±—ã —...

You may provide a definition with
\DeclareUnicodeCharacter 


! LaTeX Error: Unicode character –Ω (U+043D)
               not set up for use with LaTeX.

See the LaTeX manual or LaTeX Companion for explanation.
Type  H <return>  for immediate help.
 ...                                              
                                                  
l.3 ...–∞–ª–∏—Å—Ç–∏—á–µ—Å–∫–∏—Ö –∏–∑–æ–±—Ä–∞–∂–µ–Ω
                                                  –∏–π –∏ —Å–ø–æ—Å–æ–±—ã —Ö—...

You may provide a definition with
\DeclareUnicodeCharacter 


! LaTeX Error: Unicode character –∏ (U+0438)
               not set up for use with LaTeX.

See the LaTeX manual or LaTeX Companion for explanation.
Type  H <return>  for immediate help.
 ...                                              
                                                  
l.3 ...–ª–∏—Å—Ç–∏—á–µ—Å–∫–∏—Ö –∏–∑–æ–±—Ä–∞–∂–µ–Ω–∏
                                                  –π –∏ —Å–ø–æ—Å–æ–±—ã —Ö—Ä–...

You may provide a definition with
\DeclareUnicodeCharacter 


! LaTeX Error: Unicode character –π (U+0439)
               not set up for use with LaTeX.

See the LaTeX manual or LaTeX Companion for explanation.
Type  H <return>  for immediate help.
 ...                                              
                                                  
l.3 ...–∏—Å—Ç–∏—á–µ—Å–∫–∏—Ö –∏–∑–æ–±—Ä–∞–∂–µ–Ω–∏–π
                                                   –∏ —Å–ø–æ—Å–æ–±—ã —Ö—Ä–∞–...

You may provide a definition with
\DeclareUnicodeCharacter 


! LaTeX Error: Unicode character –∏ (U+0438)
               not set up for use with LaTeX.

See the LaTeX manual or LaTeX Companion for explanation.
Type  H <return>  for immediate help.
 ...                                              
                                                  
l.3 ...Å—Ç–∏—á–µ—Å–∫–∏—Ö –∏–∑–æ–±—Ä–∞–∂–µ–Ω–∏–π –∏
                                                   —Å–ø–æ—Å–æ–±—ã —Ö—Ä–∞–Ω–µ...

You may provide a definition with
\DeclareUnicodeCharacter 


! LaTeX Error: Unicode character —Å (U+0441)
               not set up for use with LaTeX.

See the LaTeX manual or LaTeX Companion for explanation.
Type  H <return>  for immediate help.
 ...                                              
                                                  
l.3 ...–∏—á–µ—Å–∫–∏—Ö –∏–∑–æ–±—Ä–∞–∂–µ–Ω–∏–π –∏ —Å
                                                  –ø–æ—Å–æ–±—ã —Ö—Ä–∞–Ω–µ–Ω–...

You may provide a definition with
\DeclareUnicodeCharacter 


! LaTeX Error: Unicode character –ø (U+043F)
               not set up for use with LaTeX.

See the LaTeX manual or LaTeX Companion for explanation.
Type  H <return>  for immediate help.
 ...                                              
                                                  
l.3 ...—á–µ—Å–∫–∏—Ö –∏–∑–æ–±—Ä–∞–∂–µ–Ω–∏–π –∏ —Å–ø
                                                  –æ—Å–æ–±—ã —Ö—Ä–∞–Ω–µ–Ω–∏–...

You may provide a definition with
\DeclareUnicodeCharacter 


! LaTeX Error: Unicode character –æ (U+043E)
               not set up for use with LaTeX.

See the LaTeX manual or LaTeX Companion for explanation.
Type  H <return>  for immediate help.
 ...                                              
                                                  
l.3 ...–µ—Å–∫–∏—Ö –∏–∑–æ–±—Ä–∞–∂–µ–Ω–∏–π –∏ —Å–ø–æ
                                                  —Å–æ–±—ã —Ö—Ä–∞–Ω–µ–Ω–∏–µ ...

You may provide a definition with
\DeclareUnicodeCharacter 


! LaTeX Error: Unicode character —Å (U+0441)
               not set up for use with LaTeX.

See the LaTeX manual or LaTeX Companion for explanation.
Type  H <return>  for immediate help.
 ...                                              
                                                  
l.3 ...—Å–∫–∏—Ö –∏–∑–æ–±—Ä–∞–∂–µ–Ω–∏–π –∏ —Å–ø–æ—Å
                                                  –æ–±—ã —Ö—Ä–∞–Ω–µ–Ω–∏–µ —Ç...

You may provide a definition with
\DeclareUnicodeCharacter 


! LaTeX Error: Unicode character –æ (U+043E)
               not set up for use with LaTeX.

See the LaTeX manual or LaTeX Companion for explanation.
Type  H <return>  for immediate help.
 ...                                              
                                                  
l.3 ...–∫–∏—Ö –∏–∑–æ–±—Ä–∞–∂–µ–Ω–∏–π –∏ —Å–ø–æ—Å–æ
                                                  –±—ã —Ö—Ä–∞–Ω–µ–Ω–∏–µ —Ç—Ä...

You may provide a definition with
\DeclareUnicodeCharacter 


! LaTeX Error: Unicode character –± (U+0431)
               not set up for use with LaTeX.

See the LaTeX manual or LaTeX Companion for explanation.
Type  H <return>  for immediate help.
 ...                                              
                                                  
l.3 ...–∏—Ö –∏–∑–æ–±—Ä–∞–∂–µ–Ω–∏–π –∏ —Å–ø–æ—Å–æ–±
                                                  —ã —Ö—Ä–∞–Ω–µ–Ω–∏–µ —Ç—Ä–µ...

You may provide a definition with
\DeclareUnicodeCharacter 


! LaTeX Error: Unicode character —ã (U+044B)
               not set up for use with LaTeX.

See the LaTeX manual or LaTeX Companion for explanation.
Type  H <return>  for immediate help.
 ...                                              
                                                  
l.3 ...—Ö –∏–∑–æ–±—Ä–∞–∂–µ–Ω–∏–π –∏ —Å–ø–æ—Å–æ–±—ã
                                                   —Ö—Ä–∞–Ω–µ–Ω–∏–µ —Ç—Ä–µ—Ö...

You may provide a definition with
\DeclareUnicodeCharacter 


! LaTeX Error: Unicode character —Ö (U+0445)
               not set up for use with LaTeX.

See the LaTeX manual or LaTeX Companion for explanation.
Type  H <return>  for immediate help.
 ...                                              
                                                  
l.3 ...–∏–∑–æ–±—Ä–∞–∂–µ–Ω–∏–π –∏ —Å–ø–æ—Å–æ–±—ã —Ö
                                                  —Ä–∞–Ω–µ–Ω–∏–µ —Ç—Ä–µ—Ö–º–...

You may provide a definition with
\DeclareUnicodeCharacter 


! LaTeX Error: Unicode character —Ä (U+0440)
               not set up for use with LaTeX.

See the LaTeX manual or LaTeX Companion for explanation.
Type  H <return>  for immediate help.
 ...                                              
                                                  
l.3 ...–∑–æ–±—Ä–∞–∂–µ–Ω–∏–π –∏ —Å–ø–æ—Å–æ–±—ã —Ö—Ä
                                                  –∞–Ω–µ–Ω–∏–µ —Ç—Ä–µ—Ö–º–µ—...

You may provide a definition with
\DeclareUnicodeCharacter 


! LaTeX Error: Unicode character –∞ (U+0430)
               not set up for use with LaTeX.

See the LaTeX manual or LaTeX Companion for explanation.
Type  H <return>  for immediate help.
 ...                                              
                                                  
l.3 ...–æ–±—Ä–∞–∂–µ–Ω–∏–π –∏ —Å–ø–æ—Å–æ–±—ã —Ö—Ä–∞
                                                  –Ω–µ–Ω–∏–µ —Ç—Ä–µ—Ö–º–µ—Ä–...

You may provide a definition with
\DeclareUnicodeCharacter 


! LaTeX Error: Unicode character –Ω (U+043D)
               not set up for use with LaTeX.

See the LaTeX manual or LaTeX Companion for explanation.
Type  H <return>  for immediate help.
 ...                                              
                                                  
l.3 ...–±—Ä–∞–∂–µ–Ω–∏–π –∏ —Å–ø–æ—Å–æ–±—ã —Ö—Ä–∞–Ω
                                                  –µ–Ω–∏–µ —Ç—Ä–µ—Ö–º–µ—Ä–Ω—...

You may provide a definition with
\DeclareUnicodeCharacter 


! LaTeX Error: Unicode character –µ (U+0435)
               not set up for use with LaTeX.

See the LaTeX manual or LaTeX Companion for explanation.
Type  H <return>  for immediate help.
 ...                                              
                                                  
l.3 ...—Ä–∞–∂–µ–Ω–∏–π –∏ —Å–ø–æ—Å–æ–±—ã —Ö—Ä–∞–Ω–µ
                                                  –Ω–∏–µ —Ç—Ä–µ—Ö–º–µ—Ä–Ω—ã—...

You may provide a definition with
\DeclareUnicodeCharacter 


! LaTeX Error: Unicode character –Ω (U+043D)
               not set up for use with LaTeX.

See the LaTeX manual or LaTeX Companion for explanation.
Type  H <return>  for immediate help.
 ...                                              
                                                  
l.3 ...–∞–∂–µ–Ω–∏–π –∏ —Å–ø–æ—Å–æ–±—ã —Ö—Ä–∞–Ω–µ–Ω
                                                  –∏–µ —Ç—Ä–µ—Ö–º–µ—Ä–Ω—ã—Ö ...

You may provide a definition with
\DeclareUnicodeCharacter 


! LaTeX Error: Unicode character –∏ (U+0438)
               not set up for use with LaTeX.

See the LaTeX manual or LaTeX Companion for explanation.
Type  H <return>  for immediate help.
 ...                                              
                                                  
l.3 ...–∂–µ–Ω–∏–π –∏ —Å–ø–æ—Å–æ–±—ã —Ö—Ä–∞–Ω–µ–Ω–∏
                                                  –µ —Ç—Ä–µ—Ö–º–µ—Ä–Ω—ã—Ö –æ...

You may provide a definition with
\DeclareUnicodeCharacter 


! LaTeX Error: Unicode character –µ (U+0435)
               not set up for use with LaTeX.

See the LaTeX manual or LaTeX Companion for explanation.
Type  H <return>  for immediate help.
 ...                                              
                                                  
l.3 ...–µ–Ω–∏–π –∏ —Å–ø–æ—Å–æ–±—ã —Ö—Ä–∞–Ω–µ–Ω–∏–µ
                                                   —Ç—Ä–µ—Ö–º–µ—Ä–Ω—ã—Ö –æ–±...

You may provide a definition with
\DeclareUnicodeCharacter 


! LaTeX Error: Unicode character —Ç (U+0442)
               not set up for use with LaTeX.

See the LaTeX manual or LaTeX Companion for explanation.
Type  H <return>  for immediate help.
 ...                                              
                                                  
l.3 ...Ω–∏–π –∏ —Å–ø–æ—Å–æ–±—ã —Ö—Ä–∞–Ω–µ–Ω–∏–µ —Ç
                                                  —Ä–µ—Ö–º–µ—Ä–Ω—ã—Ö –æ–±—ä–...

You may provide a definition with
\DeclareUnicodeCharacter 


! LaTeX Error: Unicode character —Ä (U+0440)
               not set up for use with LaTeX.

See the LaTeX manual or LaTeX Companion for explanation.
Type  H <return>  for immediate help.
 ...                                              
                                                  
l.3 ...∏–π –∏ —Å–ø–æ—Å–æ–±—ã —Ö—Ä–∞–Ω–µ–Ω–∏–µ —Ç—Ä
                                                  –µ—Ö–º–µ—Ä–Ω—ã—Ö –æ–±—ä–µ–...

You may provide a definition with
\DeclareUnicodeCharacter 


! LaTeX Error: Unicode character –µ (U+0435)
               not set up for use with LaTeX.

See the LaTeX manual or LaTeX Companion for explanation.
Type  H <return>  for immediate help.
 ...                                              
                                                  
l.3 ...π –∏ —Å–ø–æ—Å–æ–±—ã —Ö—Ä–∞–Ω–µ–Ω–∏–µ —Ç—Ä–µ
                                                  —Ö–º–µ—Ä–Ω—ã—Ö –æ–±—ä–µ–∫—...

You may provide a definition with
\DeclareUnicodeCharacter 


! LaTeX Error: Unicode character —Ö (U+0445)
               not set up for use with LaTeX.

See the LaTeX manual or LaTeX Companion for explanation.
Type  H <return>  for immediate help.
 ...                                              
                                                  
l.3 ...–∏ —Å–ø–æ—Å–æ–±—ã —Ö—Ä–∞–Ω–µ–Ω–∏–µ —Ç—Ä–µ—Ö
                                                  –º–µ—Ä–Ω—ã—Ö –æ–±—ä–µ–∫—Ç–...

You may provide a definition with
\DeclareUnicodeCharacter 


! LaTeX Error: Unicode character –º (U+043C)
               not set up for use with LaTeX.

See the LaTeX manual or LaTeX Companion for explanation.
Type  H <return>  for immediate help.
 ...                                              
                                                  
l.3 ... —Å–ø–æ—Å–æ–±—ã —Ö—Ä–∞–Ω–µ–Ω–∏–µ —Ç—Ä–µ—Ö–º
                                                  –µ—Ä–Ω—ã—Ö –æ–±—ä–µ–∫—Ç–æ–...

You may provide a definition with
\DeclareUnicodeCharacter 


! LaTeX Error: Unicode character –µ (U+0435)
               not set up for use with LaTeX.

See the LaTeX manual or LaTeX Companion for explanation.
Type  H <return>  for immediate help.
 ...                                              
                                                  
l.3 ...Å–ø–æ—Å–æ–±—ã —Ö—Ä–∞–Ω–µ–Ω–∏–µ —Ç—Ä–µ—Ö–º–µ
                                                  —Ä–Ω—ã—Ö –æ–±—ä–µ–∫—Ç–æ–≤....

You may provide a definition with
\DeclareUnicodeCharacter 


! LaTeX Error: Unicode character —Ä (U+0440)
               not set up for use with LaTeX.

See the LaTeX manual or LaTeX Companion for explanation.
Type  H <return>  for immediate help.
 ...                                              
                                                  
l.3 ...ø–æ—Å–æ–±—ã —Ö—Ä–∞–Ω–µ–Ω–∏–µ —Ç—Ä–µ—Ö–º–µ—Ä
                                                  –Ω—ã—Ö –æ–±—ä–µ–∫—Ç–æ–≤. –...

You may provide a definition with
\DeclareUnicodeCharacter 


! LaTeX Error: Unicode character –Ω (U+043D)
               not set up for use with LaTeX.

See the LaTeX manual or LaTeX Companion for explanation.
Type  H <return>  for immediate help.
 ...                                              
                                                  
l.3 ...æ—Å–æ–±—ã —Ö—Ä–∞–Ω–µ–Ω–∏–µ —Ç—Ä–µ—Ö–º–µ—Ä–Ω
                                                  —ã—Ö –æ–±—ä–µ–∫—Ç–æ–≤. –û–...

You may provide a definition with
\DeclareUnicodeCharacter 


! LaTeX Error: Unicode character —ã (U+044B)
               not set up for use with LaTeX.

See the LaTeX manual or LaTeX Companion for explanation.
Type  H <return>  for immediate help.
 ...                                              
                                                  
l.3 ...Å–æ–±—ã —Ö—Ä–∞–Ω–µ–Ω–∏–µ —Ç—Ä–µ—Ö–º–µ—Ä–Ω—ã
                                                  —Ö –æ–±—ä–µ–∫—Ç–æ–≤. –û–±–...

You may provide a definition with
\DeclareUnicodeCharacter 


! LaTeX Error: Unicode character —Ö (U+0445)
               not set up for use with LaTeX.

See the LaTeX manual or LaTeX Companion for explanation.
Type  H <return>  for immediate help.
 ...                                              
                                                  
l.3 ...æ–±—ã —Ö—Ä–∞–Ω–µ–Ω–∏–µ —Ç—Ä–µ—Ö–º–µ—Ä–Ω—ã—Ö
                                                   –æ–±—ä–µ–∫—Ç–æ–≤. –û–±–æ—...

You may provide a definition with
\DeclareUnicodeCharacter 


! LaTeX Error: Unicode character –æ (U+043E)
               not set up for use with LaTeX.

See the LaTeX manual or LaTeX Companion for explanation.
Type  H <return>  for immediate help.
 ...                                              
                                                  
l.3 ...—ã —Ö—Ä–∞–Ω–µ–Ω–∏–µ —Ç—Ä–µ—Ö–º–µ—Ä–Ω—ã—Ö –æ
                                                  –±—ä–µ–∫—Ç–æ–≤. –û–±–æ—Å–Ω...

You may provide a definition with
\DeclareUnicodeCharacter 


! LaTeX Error: Unicode character –± (U+0431)
               not set up for use with LaTeX.

See the LaTeX manual or LaTeX Companion for explanation.
Type  H <return>  for immediate help.
 ...                                              
                                                  
l.3 ... —Ö—Ä–∞–Ω–µ–Ω–∏–µ —Ç—Ä–µ—Ö–º–µ—Ä–Ω—ã—Ö –æ–±
                                                  —ä–µ–∫—Ç–æ–≤. –û–±–æ—Å–Ω–æ...

You may provide a definition with
\DeclareUnicodeCharacter 


! LaTeX Error: Unicode character —ä (U+044A)
               not set up for use with LaTeX.

See the LaTeX manual or LaTeX Companion for explanation.
Type  H <return>  for immediate help.
 ...                                              
                                                  
l.3 ...Ö—Ä–∞–Ω–µ–Ω–∏–µ —Ç—Ä–µ—Ö–º–µ—Ä–Ω—ã—Ö –æ–±—ä
                                                  –µ–∫—Ç–æ–≤. –û–±–æ—Å–Ω–æ–≤...

You may provide a definition with
\DeclareUnicodeCharacter 


! LaTeX Error: Unicode character –µ (U+0435)
               not set up for use with LaTeX.

See the LaTeX manual or LaTeX Companion for explanation.
Type  H <return>  for immediate help.
 ...                                              
                                                  
l.3 ...Ä–∞–Ω–µ–Ω–∏–µ —Ç—Ä–µ—Ö–º–µ—Ä–Ω—ã—Ö –æ–±—ä–µ
                                                  –∫—Ç–æ–≤. –û–±–æ—Å–Ω–æ–≤—ã...

You may provide a definition with
\DeclareUnicodeCharacter 


! LaTeX Error: Unicode character –∫ (U+043A)
               not set up for use with LaTeX.

See the LaTeX manual or LaTeX Companion for explanation.
Type  H <return>  for immediate help.
 ...                                              
                                                  
l.3 ...∞–Ω–µ–Ω–∏–µ —Ç—Ä–µ—Ö–º–µ—Ä–Ω—ã—Ö –æ–±—ä–µ–∫
                                                  —Ç–æ–≤. –û–±–æ—Å–Ω–æ–≤—ã–≤...

You may provide a definition with
\DeclareUnicodeCharacter 


! LaTeX Error: Unicode character —Ç (U+0442)
               not set up for use with LaTeX.

See the LaTeX manual or LaTeX Companion for explanation.
Type  H <return>  for immediate help.
 ...                                              
                                                  
l.3 ...Ω–µ–Ω–∏–µ —Ç—Ä–µ—Ö–º–µ—Ä–Ω—ã—Ö –æ–±—ä–µ–∫—Ç
                                                  –æ–≤. –û–±–æ—Å–Ω–æ–≤—ã–≤–∞...

You may provide a definition with
\DeclareUnicodeCharacter 


! LaTeX Error: Unicode character –æ (U+043E)
               not set up for use with LaTeX.

See the LaTeX manual or LaTeX Companion for explanation.
Type  H <return>  for immediate help.
 ...                                              
                                                  
l.3 ...µ–Ω–∏–µ —Ç—Ä–µ—Ö–º–µ—Ä–Ω—ã—Ö –æ–±—ä–µ–∫—Ç–æ
                                                  –≤. –û–±–æ—Å–Ω–æ–≤—ã–≤–∞–µ...

You may provide a definition with
\DeclareUnicodeCharacter 


! LaTeX Error: Unicode character –≤ (U+0432)
               not set up for use with LaTeX.

See the LaTeX manual or LaTeX Companion for explanation.
Type  H <return>  for immediate help.
 ...                                              
                                                  
l.3 ...Ω–∏–µ —Ç—Ä–µ—Ö–º–µ—Ä–Ω—ã—Ö –æ–±—ä–µ–∫—Ç–æ–≤
                                                  . –û–±–æ—Å–Ω–æ–≤—ã–≤–∞–µ—Ç...

You may provide a definition with
\DeclareUnicodeCharacter 

Missing character: There is no . in font nullfont!

! LaTeX Error: Unicode character –û (U+041E)
               not set up for use with LaTeX.

See the LaTeX manual or LaTeX Companion for explanation.
Type  H <return>  for immediate help.
 ...                                              
                                                  
l.3 ...µ —Ç—Ä–µ—Ö–º–µ—Ä–Ω—ã—Ö –æ–±—ä–µ–∫—Ç–æ–≤. –û
                                                  –±–æ—Å–Ω–æ–≤—ã–≤–∞–µ—Ç—Å—è...

You may provide a definition with
\DeclareUnicodeCharacter 


! LaTeX Error: Unicode character –± (U+0431)
               not set up for use with LaTeX.

See the LaTeX manual or LaTeX Companion for explanation.
Type  H <return>  for immediate help.
 ...                                              
                                                  
l.3 ...—Ç—Ä–µ—Ö–º–µ—Ä–Ω—ã—Ö –æ–±—ä–µ–∫—Ç–æ–≤. –û–±
                                                  –æ—Å–Ω–æ–≤—ã–≤–∞–µ—Ç—Å—è –...

You may provide a definition with
\DeclareUnicodeCharacter 


! LaTeX Error: Unicode character –æ (U+043E)
               not set up for use with LaTeX.

See the LaTeX manual or LaTeX Companion for explanation.
Type  H <return>  for immediate help.
 ...                                              
                                                  
l.3 ...—Ä–µ—Ö–º–µ—Ä–Ω—ã—Ö –æ–±—ä–µ–∫—Ç–æ–≤. –û–±–æ
                                                  —Å–Ω–æ–≤—ã–≤–∞–µ—Ç—Å—è –≤—...

You may provide a definition with
\DeclareUnicodeCharacter 


! LaTeX Error: Unicode character —Å (U+0441)
               not set up for use with LaTeX.

See the LaTeX manual or LaTeX Companion for explanation.
Type  H <return>  for immediate help.
 ...                                              
                                                  
l.3 ...–µ—Ö–º–µ—Ä–Ω—ã—Ö –æ–±—ä–µ–∫—Ç–æ–≤. –û–±–æ—Å
                                                  –Ω–æ–≤—ã–≤–∞–µ—Ç—Å—è –≤—ã–...

You may provide a definition with
\DeclareUnicodeCharacter 


! LaTeX Error: Unicode character –Ω (U+043D)
               not set up for use with LaTeX.

See the LaTeX manual or LaTeX Companion for explanation.
Type  H <return>  for immediate help.
 ...                                              
                                                  
l.3 ...—Ö–º–µ—Ä–Ω—ã—Ö –æ–±—ä–µ–∫—Ç–æ–≤. –û–±–æ—Å–Ω
                                                  –æ–≤—ã–≤–∞–µ—Ç—Å—è –≤—ã–±–...

You may provide a definition with
\DeclareUnicodeCharacter 


! LaTeX Error: Unicode character –æ (U+043E)
               not set up for use with LaTeX.

See the LaTeX manual or LaTeX Companion for explanation.
Type  H <return>  for immediate help.
 ...                                              
                                                  
l.3 ...–º–µ—Ä–Ω—ã—Ö –æ–±—ä–µ–∫—Ç–æ–≤. –û–±–æ—Å–Ω–æ
                                                  –≤—ã–≤–∞–µ—Ç—Å—è –≤—ã–±–æ—...

You may provide a definition with
\DeclareUnicodeCharacter 


! LaTeX Error: Unicode character –≤ (U+0432)
               not set up for use with LaTeX.

See the LaTeX manual or LaTeX Companion for explanation.
Type  H <return>  for immediate help.
 ...                                              
                                                  
l.3 ...–µ—Ä–Ω—ã—Ö –æ–±—ä–µ–∫—Ç–æ–≤. –û–±–æ—Å–Ω–æ–≤
                                                  —ã–≤–∞–µ—Ç—Å—è –≤—ã–±–æ—Ä ...

You may provide a definition with
\DeclareUnicodeCharacter 


! LaTeX Error: Unicode character —ã (U+044B)
               not set up for use with LaTeX.

See the LaTeX manual or LaTeX Companion for explanation.
Type  H <return>  for immediate help.
 ...                                              
                                                  
l.3 ...—Ä–Ω—ã—Ö –æ–±—ä–µ–∫—Ç–æ–≤. –û–±–æ—Å–Ω–æ–≤—ã
                                                  –≤–∞–µ—Ç—Å—è –≤—ã–±–æ—Ä –∞...

You may provide a definition with
\DeclareUnicodeCharacter 


! LaTeX Error: Unicode character –≤ (U+0432)
               not set up for use with LaTeX.

See the LaTeX manual or LaTeX Companion for explanation.
Type  H <return>  for immediate help.
 ...                                              
                                                  
l.3 ...–Ω—ã—Ö –æ–±—ä–µ–∫—Ç–æ–≤. –û–±–æ—Å–Ω–æ–≤—ã–≤
                                                  –∞–µ—Ç—Å—è –≤—ã–±–æ—Ä –∞–ª...
(That makes 100 errors; please try again.) 
Here is how much of TeX's memory you used:
 50 strings out of 474989
 761 string characters out of 5768431
 1922975 words of memory out of 5000000
 22205 multiletter control sequences out of 15000+600000
 558069 words of font info for 36 fonts, out of 8000000 for 9000
 811 hyphenation exceptions out of 8191
 15i,0n,18p,523b,28s stack positions out of 10000i,1000n,20000p,200000b,200000s

!  ==> Fatal error occurred, no output PDF file produced!
